m:\pastes\csgocheat_v2\csgocheat\debug\vc141.pdb
m:\pastes\csgocheat_v2\csgocheat\debug\vc141.idb
m:\pastes\csgocheat_v2\csgocheat\debug\vmt.obj
m:\pastes\csgocheat_v2\csgocheat\debug\settingsmanager.obj
m:\pastes\csgocheat_v2\csgocheat\debug\menu.obj
m:\pastes\csgocheat_v2\csgocheat\debug\controls.obj
m:\pastes\csgocheat_v2\csgocheat\debug\ui.obj
m:\pastes\csgocheat_v2\csgocheat\debug\chatbox.obj
m:\pastes\csgocheat_v2\csgocheat\debug\spoofedconvar.obj
m:\pastes\csgocheat_v2\csgocheat\debug\sdk.obj
m:\pastes\csgocheat_v2\csgocheat\debug\checksum_crc.obj
m:\pastes\csgocheat_v2\csgocheat\debug\math.obj
m:\pastes\csgocheat_v2\csgocheat\debug\newgui.obj
m:\pastes\csgocheat_v2\csgocheat\debug\imgui_impl_dx9.obj
m:\pastes\csgocheat_v2\csgocheat\debug\imgui_draw.obj
m:\pastes\csgocheat_v2\csgocheat\debug\imgui.obj
m:\pastes\csgocheat_v2\csgocheat\debug\hooks.obj
m:\pastes\csgocheat_v2\csgocheat\debug\csgocheat.obj
m:\pastes\csgocheat_v2\csgocheat\debug\awall.obj
m:\pastes\csgocheat_v2\csgocheat\debug\asd.obj
m:\pastes\csgocheat_v2\csgocheat\debug\csgocheat v2.pch
m:\pastes\csgocheat_v2\csgocheat\debug\stdafx.obj
m:\pastes\csgocheat_v2\csgocheat\debug\dllmain.obj
m:\pastes\csgocheat_v2\debug\csgocheat v2.dll
m:\pastes\csgocheat_v2\debug\csgocheat v2.ilk
m:\pastes\csgocheat_v2\debug\csgocheat v2.pdb
m:\pastes\csgocheat_v2\csgocheat\debug\csgocheat.res
m:\pastes\csgocheat_v2\csgocheat\debug\csgocheat v2.tlog\cl.command.1.tlog
m:\pastes\csgocheat_v2\csgocheat\debug\csgocheat v2.tlog\cl.read.1.tlog
m:\pastes\csgocheat_v2\csgocheat\debug\csgocheat v2.tlog\cl.write.1.tlog
m:\pastes\csgocheat_v2\csgocheat\debug\csgocheat v2.tlog\link.command.1.tlog
m:\pastes\csgocheat_v2\csgocheat\debug\csgocheat v2.tlog\link.read.1.tlog
m:\pastes\csgocheat_v2\csgocheat\debug\csgocheat v2.tlog\link.write.1.tlog
m:\pastes\csgocheat_v2\csgocheat\debug\csgocheat v2.tlog\rc.command.1.tlog
m:\pastes\csgocheat_v2\csgocheat\debug\csgocheat v2.tlog\rc.read.1.tlog
m:\pastes\csgocheat_v2\csgocheat\debug\csgocheat v2.tlog\rc.write.1.tlog
